<?xml version="1.0" encoding="UTF-8"?>
<!-- Generated by org.testng.reporters.JUnitXMLReporter -->
<testsuite ignored="0" hostname="Krishnas-Air" failures="0" tests="5" name="Test2" time="0.026" errors="0" timestamp="2023-05-10T10:01:19 IST">
  <testcase classname="PBL.TC2" name="Class2TC1" time="0.002"/>
  <testcase classname="PBL.TC2" name="Class2TC2" time="0.002"/>
  <testcase classname="PBL.C1" name="testCase1" time="0.004"/>
  <testcase classname="PBL.C1" name="testCase2" time="0.003"/>
  <testcase classname="PBL.Base" name="TClass" time="0.0"/>
</testsuite> <!-- Test2 -->
