<?xml version="1.0" encoding="UTF-8"?>
<!-- Generated by org.testng.reporters.JUnitXMLReporter -->
<testsuite ignored="4" hostname="Krishnas-MacBook-Air.local" failures="0" tests="9" name="Test" time="0.097" errors="0" timestamp="2023-05-17T16:50:58 IST">
  <testcase classname="PBL.TC2" name="Class2TC1" time="0.007"/>
  <testcase classname="PBL.TC2" name="Class2TC2" time="0.001"/>
  <testcase classname="PBL.C1" name="testCase4" time="0.001"/>
  <testcase classname="PBL.Base" name="TClass" time="0.003"/>
  <testcase classname="PBL.C1" name="testCase3" time="0.002"/>
  <testcase classname="PBL.C1" name="testCase5" time="0.001"/>
  <testcase classname="PBL.C1" name="testCase1" time="0.005"/>
  <testcase classname="PBL.C1" name="testCase2" time="0.004"/>
  <testcase classname="PBL.Base" name="TClass" time="0.003"/>
  <testcase classname="PBL.Base" name="@BeforeTest beforeTest" time="0.0">
    <ignored/>
  </testcase> <!-- @BeforeTest beforeTest -->
  <testcase classname="PBL.Base" name="@AfterTest afterTest" time="0.0">
    <ignored/>
  </testcase> <!-- @AfterTest afterTest -->
  <testcase classname="PBL.Base" name="@BeforeSuite beforeSuite" time="0.0">
    <ignored/>
  </testcase> <!-- @BeforeSuite beforeSuite -->
  <testcase classname="PBL.Base" name="@AfterSuite afterSuite" time="0.0">
    <ignored/>
  </testcase> <!-- @AfterSuite afterSuite -->
</testsuite> <!-- Test -->
