<?xml version="1.0" encoding="UTF-8"?>
<testng-results ignored="4" total="13" passed="9" failed="0" skipped="0">
  <reporter-output>
  </reporter-output>
  <suite started-at="2023-05-17T16:50:53 IST" name="Suite" finished-at="2023-05-17T16:50:53 IST" duration-ms="97">
    <groups>
      <group name="Regression">
        <method signature="TC2.Class2TC2()[pri:0, instance:PBL.TC2@2c35e847]" name="Class2TC2" class="PBL.TC2"/>
      </group> <!-- Regression -->
      <group name="Smoke">
        <method signature="TC2.Class2TC1()[pri:0, instance:PBL.TC2@2c35e847]" name="Class2TC1" class="PBL.TC2"/>
      </group> <!-- Smoke -->
    </groups>
    <test started-at="2023-05-17T16:50:53 IST" name="Test" finished-at="2023-05-17T16:50:53 IST" duration-ms="97">
      <class name="PBL.Base">
        <test-method is-config="true" signature="beforeMethod()[pri:0, instance:PBL.Base@b9b00e0]" started-at="2023-05-17T16:50:53 IST" name="beforeMethod" finished-at="2023-05-17T16:50:53 IST" duration-ms="0" status="PASS">
          <reporter-output>
          </reporter-output>
        </test-method> <!-- beforeMethod -->
        <test-method is-config="true" signature="beforeClass()[pri:0, instance:PBL.Base@b9b00e0]" started-at="2023-05-17T16:50:53 IST" name="beforeClass" finished-at="2023-05-17T16:50:53 IST" duration-ms="0" status="PASS">
          <reporter-output>
          </reporter-output>
        </test-method> <!-- beforeClass -->
        <test-method signature="TClass()[pri:0, instance:PBL.Base@b9b00e0]" started-at="2023-05-17T16:50:53 IST" name="TClass" finished-at="2023-05-17T16:50:53 IST" duration-ms="3" status="PASS">
          <reporter-output>
          </reporter-output>
        </test-method> <!-- TClass -->
        <test-method is-config="true" signature="afterMethod()[pri:0, instance:PBL.Base@b9b00e0]" started-at="2023-05-17T16:50:53 IST" name="afterMethod" finished-at="2023-05-17T16:50:53 IST" duration-ms="1" status="PASS">
          <reporter-output>
          </reporter-output>
        </test-method> <!-- afterMethod -->
        <test-method is-config="true" signature="afterClass()[pri:0, instance:PBL.Base@b9b00e0]" started-at="2023-05-17T16:50:53 IST" name="afterClass" finished-at="2023-05-17T16:50:53 IST" duration-ms="0" status="PASS">
          <reporter-output>
          </reporter-output>
        </test-method> <!-- afterClass -->
      </class> <!-- PBL.Base -->
      <class name="PBL.TC2">
        <test-method signature="Class2TC1()[pri:0, instance:PBL.TC2@2c35e847]" started-at="2023-05-17T16:50:53 IST" name="Class2TC1" finished-at="2023-05-17T16:50:53 IST" duration-ms="7" status="PASS">
          <reporter-output>
          </reporter-output>
        </test-method> <!-- Class2TC1 -->
        <test-method signature="Class2TC2()[pri:0, instance:PBL.TC2@2c35e847]" started-at="2023-05-17T16:50:53 IST" name="Class2TC2" finished-at="2023-05-17T16:50:53 IST" duration-ms="1" status="PASS">
          <reporter-output>
          </reporter-output>
        </test-method> <!-- Class2TC2 -->
      </class> <!-- PBL.TC2 -->
      <class name="PBL.C1">
        <test-method is-config="true" signature="beforeSuite()[pri:0, instance:PBL.C1@13fd2ccd]" started-at="2023-05-17T16:50:53 IST" name="beforeSuite" finished-at="2023-05-17T16:50:53 IST" duration-ms="7" status="PASS">
          <reporter-output>
          </reporter-output>
        </test-method> <!-- beforeSuite -->
        <test-method is-config="true" signature="beforeTest()[pri:0, instance:PBL.C1@13fd2ccd]" started-at="2023-05-17T16:50:53 IST" name="beforeTest" finished-at="2023-05-17T16:50:53 IST" duration-ms="1" status="PASS">
          <reporter-output>
          </reporter-output>
        </test-method> <!-- beforeTest -->
        <test-method is-config="true" signature="beforeClass()[pri:0, instance:PBL.C1@13fd2ccd]" started-at="2023-05-17T16:50:53 IST" name="beforeClass" finished-at="2023-05-17T16:50:53 IST" duration-ms="0" status="PASS">
          <reporter-output>
          </reporter-output>
        </test-method> <!-- beforeClass -->
        <test-method is-config="true" signature="beforeMethod()[pri:0, instance:PBL.C1@13fd2ccd]" started-at="2023-05-17T16:50:53 IST" name="beforeMethod" finished-at="2023-05-17T16:50:53 IST" duration-ms="0" status="PASS">
          <reporter-output>
          </reporter-output>
        </test-method> <!-- beforeMethod -->
        <test-method signature="testCase4()[pri:-1, instance:PBL.C1@13fd2ccd]" started-at="2023-05-17T16:50:53 IST" name="testCase4" finished-at="2023-05-17T16:50:53 IST" duration-ms="1" status="PASS">
          <reporter-output>
          </reporter-output>
        </test-method> <!-- testCase4 -->
        <test-method is-config="true" signature="afterMethod()[pri:0, instance:PBL.C1@13fd2ccd]" started-at="2023-05-17T16:50:53 IST" name="afterMethod" finished-at="2023-05-17T16:50:53 IST" duration-ms="0" status="PASS">
          <reporter-output>
          </reporter-output>
        </test-method> <!-- afterMethod -->
        <test-method is-config="true" signature="beforeMethod()[pri:0, instance:PBL.C1@13fd2ccd]" started-at="2023-05-17T16:50:53 IST" name="beforeMethod" finished-at="2023-05-17T16:50:53 IST" duration-ms="0" status="PASS">
          <reporter-output>
          </reporter-output>
        </test-method> <!-- beforeMethod -->
        <test-method signature="TClass()[pri:0, instance:PBL.C1@13fd2ccd]" started-at="2023-05-17T16:50:53 IST" name="TClass" finished-at="2023-05-17T16:50:53 IST" duration-ms="3" status="PASS">
          <reporter-output>
          </reporter-output>
        </test-method> <!-- TClass -->
        <test-method is-config="true" signature="afterMethod()[pri:0, instance:PBL.C1@13fd2ccd]" started-at="2023-05-17T16:50:53 IST" name="afterMethod" finished-at="2023-05-17T16:50:53 IST" duration-ms="1" status="PASS">
          <reporter-output>
          </reporter-output>
        </test-method> <!-- afterMethod -->
        <test-method is-config="true" signature="beforeMethod()[pri:0, instance:PBL.C1@13fd2ccd]" started-at="2023-05-17T16:50:53 IST" name="beforeMethod" finished-at="2023-05-17T16:50:53 IST" duration-ms="0" status="PASS">
          <reporter-output>
          </reporter-output>
        </test-method> <!-- beforeMethod -->
        <test-method signature="testCase3()[pri:0, instance:PBL.C1@13fd2ccd]" started-at="2023-05-17T16:50:53 IST" name="testCase3" finished-at="2023-05-17T16:50:53 IST" duration-ms="2" status="PASS">
          <reporter-output>
          </reporter-output>
        </test-method> <!-- testCase3 -->
        <test-method is-config="true" signature="afterMethod()[pri:0, instance:PBL.C1@13fd2ccd]" started-at="2023-05-17T16:50:53 IST" name="afterMethod" finished-at="2023-05-17T16:50:53 IST" duration-ms="1" status="PASS">
          <reporter-output>
          </reporter-output>
        </test-method> <!-- afterMethod -->
        <test-method is-config="true" signature="beforeMethod()[pri:0, instance:PBL.C1@13fd2ccd]" started-at="2023-05-17T16:50:53 IST" name="beforeMethod" finished-at="2023-05-17T16:50:53 IST" duration-ms="1" status="PASS">
          <reporter-output>
          </reporter-output>
        </test-method> <!-- beforeMethod -->
        <test-method signature="testCase5()[pri:0, instance:PBL.C1@13fd2ccd]" started-at="2023-05-17T16:50:53 IST" name="testCase5" finished-at="2023-05-17T16:50:53 IST" duration-ms="1" status="PASS">
          <reporter-output>
          </reporter-output>
        </test-method> <!-- testCase5 -->
        <test-method is-config="true" signature="afterMethod()[pri:0, instance:PBL.C1@13fd2ccd]" started-at="2023-05-17T16:50:53 IST" name="afterMethod" finished-at="2023-05-17T16:50:53 IST" duration-ms="1" status="PASS">
          <reporter-output>
          </reporter-output>
        </test-method> <!-- afterMethod -->
        <test-method is-config="true" signature="beforeMethod()[pri:0, instance:PBL.C1@13fd2ccd]" started-at="2023-05-17T16:50:53 IST" name="beforeMethod" finished-at="2023-05-17T16:50:53 IST" duration-ms="0" status="PASS">
          <reporter-output>
          </reporter-output>
        </test-method> <!-- beforeMethod -->
        <test-method signature="testCase1()[pri:1, instance:PBL.C1@13fd2ccd]" started-at="2023-05-17T16:50:53 IST" name="testCase1" finished-at="2023-05-17T16:50:53 IST" duration-ms="5" status="PASS">
          <reporter-output>
          </reporter-output>
        </test-method> <!-- testCase1 -->
        <test-method is-config="true" signature="afterMethod()[pri:0, instance:PBL.C1@13fd2ccd]" started-at="2023-05-17T16:50:53 IST" name="afterMethod" finished-at="2023-05-17T16:50:53 IST" duration-ms="1" status="PASS">
          <reporter-output>
          </reporter-output>
        </test-method> <!-- afterMethod -->
        <test-method is-config="true" signature="beforeMethod()[pri:0, instance:PBL.C1@13fd2ccd]" started-at="2023-05-17T16:50:53 IST" name="beforeMethod" finished-at="2023-05-17T16:50:53 IST" duration-ms="0" status="PASS">
          <reporter-output>
          </reporter-output>
        </test-method> <!-- beforeMethod -->
        <test-method signature="testCase2()[pri:1, instance:PBL.C1@13fd2ccd]" started-at="2023-05-17T16:50:53 IST" name="testCase2" finished-at="2023-05-17T16:50:53 IST" duration-ms="4" status="PASS">
          <reporter-output>
          </reporter-output>
        </test-method> <!-- testCase2 -->
        <test-method is-config="true" signature="afterMethod()[pri:0, instance:PBL.C1@13fd2ccd]" started-at="2023-05-17T16:50:53 IST" name="afterMethod" finished-at="2023-05-17T16:50:53 IST" duration-ms="0" status="PASS">
          <reporter-output>
          </reporter-output>
        </test-method> <!-- afterMethod -->
        <test-method is-config="true" signature="afterClass()[pri:0, instance:PBL.C1@13fd2ccd]" started-at="2023-05-17T16:50:53 IST" name="afterClass" finished-at="2023-05-17T16:50:53 IST" duration-ms="0" status="PASS">
          <reporter-output>
          </reporter-output>
        </test-method> <!-- afterClass -->
        <test-method is-config="true" signature="afterTest()[pri:0, instance:PBL.C1@13fd2ccd]" started-at="2023-05-17T16:50:53 IST" name="afterTest" finished-at="2023-05-17T16:50:53 IST" duration-ms="0" status="PASS">
          <reporter-output>
          </reporter-output>
        </test-method> <!-- afterTest -->
        <test-method is-config="true" signature="afterSuite()[pri:0, instance:PBL.C1@13fd2ccd]" started-at="2023-05-17T16:50:58 IST" name="afterSuite" finished-at="2023-05-17T16:50:58 IST" duration-ms="0" status="PASS">
          <reporter-output>
          </reporter-output>
        </test-method> <!-- afterSuite -->
      </class> <!-- PBL.C1 -->
    </test> <!-- Test -->
  </suite> <!-- Suite -->
</testng-results>
